<html>
<head>
<title>TestNG:  Default test</title>
<link href="../testng.css" rel="stylesheet" type="text/css" />
<link href="../my-testng.css" rel="stylesheet" type="text/css" />

<style type="text/css">
.log { display: none;} 
.stack-trace { display: none;} 
</style>
<script type="text/javascript">
<!--
function flip(e) {
  current = e.style.display;
  if (current == 'block') {
    e.style.display = 'none';
    return 0;
  }
  else {
    e.style.display = 'block';
    return 1;
  }
}

function toggleBox(szDivId, elem, msg1, msg2)
{
  var res = -1;  if (document.getElementById) {
    res = flip(document.getElementById(szDivId));
  }
  else if (document.all) {
    // this is the way old msie versions work
    res = flip(document.all[szDivId]);
  }
  if(elem) {
    if(res == 0) elem.innerHTML = msg1; else elem.innerHTML = msg2;
  }

}

function toggleAllBoxes() {
  if (document.getElementsByTagName) {
    d = document.getElementsByTagName('div');
    for (i = 0; i < d.length; i++) {
      if (d[i].className == 'log') {
        flip(d[i]);
      }
    }
  }
}

// -->
</script>

</head>
<body>
<h2 align='center'>Default test</h2><table border='1' align="center">
<tr>
<td>Tests passed/Failed/Skipped:</td><td>25/2/0</td>
</tr><tr>
<td>Started on:</td><td>Tue May 14 16:21:00 IST 2024</td>
</tr>
<tr><td>Total time:</td><td>56 seconds (56974 ms)</td>
</tr><tr>
<td>Included groups:</td><td></td>
</tr><tr>
<td>Excluded groups:</td><td></td>
</tr>
</table><p/>
<small><i>(Hover the method name to see the test class name)</i></small><p/>
<table width='100%' border='1' class='invocation-failed'>
<tr><td colspan='4' align='center'><b>FAILED TESTS</b></td></tr>
<tr><td><b>Test method</b></td>
<td><b>Attribute(s)</b></td>
<td width="30%"><b>Exception</b></td>
<td width="10%"><b>Time (seconds)</b></td>
<td><b>Instance</b></td>
</tr>
<tr>
<td title='Raj_Tensile1.Raj_Tensile.ourProjectImg2EyeButton()'><b>ourProjectImg2EyeButton</b><br>Test class: Raj_Tensile1.Raj_Tensile</td>
<td><div><pre>org.openqa.selenium.ElementNotInteractableException: element not interactable
  (Session info: chrome=124.0.6367.202)
Build info: version: &apos;4.20.0&apos;, revision: &apos;866c76ca80&apos;
System info: os.name: &apos;Windows 10&apos;, os.arch: &apos;amd64&apos;, os.version: &apos;10.0&apos;, java.version: &apos;21.0.2&apos;
Driver info: org.openqa.selenium.chrome.ChromeDriver
Command: [190580d958188bdbd9e1b11b0aaf46e6, clickElement {id=f.B26FF5ED02C46F14055935740618600F.d.FBE5F575B5527BF294D1B17A2EDA5032.e.116}]
Capabilities {acceptInsecureCerts: false, browserName: chrome, browserVersion: 124.0.6367.202, chrome: {chromedriverVersion: 124.0.6367.207 (a9001a6e39f..., userDataDir: C:\Users\PC\AppData\Local\T...}, fedcm:accounts: true, goog:chromeOptions: {debuggerAddress: localhost:2766}, networkConnectionEnabled: false, pageLoadStrategy: normal, platformName: windows, proxy: Proxy(), se:cdp: ws://localhost:2766/devtool..., se:cdpVersion: 124.0.6367.202, setWindowRect: true, strictFileInteractability: false, timeouts: {implicit: 0, pageLoad: 300000, script: 30000}, unhandledPromptBehavior: dismiss and notify, webauthn:extension:credBlob: true, webauthn:extension:largeBlob: true, webauthn:extension:minPinLength: true, webauthn:extension:prf: true, webauthn:virtualAuthenticators: true}
Element: [[ChromeDriver: chrome on windows (190580d958188bdbd9e1b11b0aaf46e6)] -&gt; xpath: (//i[@class=&apos;fa fa-eye&apos;])[2]]
Session ID: 190580d958188bdbd9e1b11b0aaf46e6
	at java.base/jdk.internal.reflect.DirectConstructorHandleAccessor.newInstance(DirectConstructorHandleAccessor.java:62)
	at java.base/java.lang.reflect.Constructor.newInstanceWithCaller(Constructor.java:502)
	at java.base/java.lang.reflect.Constructor.newInstance(Constructor.java:486)
	at org.openqa.selenium.remote.ErrorCodec.decode(ErrorCodec.java:167)
	at org.openqa.selenium.remote.codec.w3c.W3CHttpResponseCodec.decode(W3CHttpResponseCodec.java:138)
	at org.openqa.selenium.remote.codec.w3c.W3CHttpResponseCodec.decode(W3CHttpResponseCodec.java:50)
	at org.openqa.selenium.remote.HttpCommandExecutor.execute(HttpCommandExecutor.java:190)
	at org.openqa.selenium.remote.service.DriverCommandExecutor.invokeExecute(DriverCommandExecutor.java:216)
	at org.openqa.selenium.remote.service.DriverCommandExecutor.execute(DriverCommandExecutor.java:174)
	at org.openqa.selenium.remote.RemoteWebDriver.execute(RemoteWebDriver.java:518)
	at org.openqa.selenium.remote.RemoteWebElement.execute(RemoteWebElement.java:223)
	at org.openqa.selenium.remote.RemoteWebElement.click(RemoteWebElement.java:76)
	at Raj_Tensile1.Raj_Tensile.ourProjectImg2EyeButton(Raj_Tensile.java:251)
	at java.base/jdk.internal.reflect.DirectMethodHandleAccessor.invoke(DirectMethodHandleAccessor.java:103)
	at java.base/java.lang.reflect.Method.invoke(Method.java:580)
	at org.testng.internal.invokers.MethodInvocationHelper.invokeMethod(MethodInvocationHelper.java:141)
	at org.testng.internal.invokers.TestInvoker.invokeMethod(TestInvoker.java:686)
	at org.testng.internal.invokers.TestInvoker.invokeTestMethod(TestInvoker.java:230)
	at org.testng.internal.invokers.MethodRunner.runInSequence(MethodRunner.java:63)
	at org.testng.internal.invokers.TestInvoker$MethodInvocationAgent.invoke(TestInvoker.java:992)
	at org.testng.internal.invokers.TestInvoker.invokeTestMethods(TestInvoker.java:203)
	at org.testng.internal.invokers.TestMethodWorker.invokeTestMethods(TestMethodWorker.java:154)
	at org.testng.internal.invokers.TestMethodWorker.run(TestMethodWorker.java:134)
	at java.base/java.util.ArrayList.forEach(ArrayList.java:1596)
	at org.testng.TestRunner.privateRun(TestRunner.java:739)
	at org.testng.TestRunner.run(TestRunner.java:614)
	at org.testng.SuiteRunner.runTest(SuiteRunner.java:421)
	at org.testng.SuiteRunner.runSequentially(SuiteRunner.java:413)
	at org.testng.SuiteRunner.privateRun(SuiteRunner.java:373)
	at org.testng.SuiteRunner.run(SuiteRunner.java:312)
	at org.testng.SuiteRunnerWorker.runSuite(SuiteRunnerWorker.java:52)
	at org.testng.SuiteRunnerWorker.run(SuiteRunnerWorker.java:95)
	at org.testng.TestNG.runSuitesSequentially(TestNG.java:1274)
	at org.testng.TestNG.runSuitesLocally(TestNG.java:1208)
	at org.testng.TestNG.runSuites(TestNG.java:1112)
	at org.testng.TestNG.run(TestNG.java:1079)
	at org.testng.remote.AbstractRemoteTestNG.run(AbstractRemoteTestNG.java:115)
	at org.testng.remote.RemoteTestNG.initAndRun(RemoteTestNG.java:293)
	at org.testng.remote.RemoteTestNG.main(RemoteTestNG.java:91)
</pre></div><a href='#' onClick='toggleBox("stack-trace215632153", this, "Click to show all stack frames", "Click to hide stack frames")'>Click to show all stack frames</a>
<div class='stack-trace' id='stack-trace215632153'><pre>org.openqa.selenium.ElementNotInteractableException: element not interactable
  (Session info: chrome=124.0.6367.202)
Build info: version: &apos;4.20.0&apos;, revision: &apos;866c76ca80&apos;
System info: os.name: &apos;Windows 10&apos;, os.arch: &apos;amd64&apos;, os.version: &apos;10.0&apos;, java.version: &apos;21.0.2&apos;
Driver info: org.openqa.selenium.chrome.ChromeDriver
Command: [190580d958188bdbd9e1b11b0aaf46e6, clickElement {id=f.B26FF5ED02C46F14055935740618600F.d.FBE5F575B5527BF294D1B17A2EDA5032.e.116}]
Capabilities {acceptInsecureCerts: false, browserName: chrome, browserVersion: 124.0.6367.202, chrome: {chromedriverVersion: 124.0.6367.207 (a9001a6e39f..., userDataDir: C:\Users\PC\AppData\Local\T...}, fedcm:accounts: true, goog:chromeOptions: {debuggerAddress: localhost:2766}, networkConnectionEnabled: false, pageLoadStrategy: normal, platformName: windows, proxy: Proxy(), se:cdp: ws://localhost:2766/devtool..., se:cdpVersion: 124.0.6367.202, setWindowRect: true, strictFileInteractability: false, timeouts: {implicit: 0, pageLoad: 300000, script: 30000}, unhandledPromptBehavior: dismiss and notify, webauthn:extension:credBlob: true, webauthn:extension:largeBlob: true, webauthn:extension:minPinLength: true, webauthn:extension:prf: true, webauthn:virtualAuthenticators: true}
Element: [[ChromeDriver: chrome on windows (190580d958188bdbd9e1b11b0aaf46e6)] -&gt; xpath: (//i[@class=&apos;fa fa-eye&apos;])[2]]
Session ID: 190580d958188bdbd9e1b11b0aaf46e6
	at java.base/jdk.internal.reflect.DirectConstructorHandleAccessor.newInstance(DirectConstructorHandleAccessor.java:62)
	at java.base/java.lang.reflect.Constructor.newInstanceWithCaller(Constructor.java:502)
	at java.base/java.lang.reflect.Constructor.newInstance(Constructor.java:486)
	at org.openqa.selenium.remote.ErrorCodec.decode(ErrorCodec.java:167)
	at org.openqa.selenium.remote.codec.w3c.W3CHttpResponseCodec.decode(W3CHttpResponseCodec.java:138)
	at org.openqa.selenium.remote.codec.w3c.W3CHttpResponseCodec.decode(W3CHttpResponseCodec.java:50)
	at org.openqa.selenium.remote.HttpCommandExecutor.execute(HttpCommandExecutor.java:190)
	at org.openqa.selenium.remote.service.DriverCommandExecutor.invokeExecute(DriverCommandExecutor.java:216)
	at org.openqa.selenium.remote.service.DriverCommandExecutor.execute(DriverCommandExecutor.java:174)
	at org.openqa.selenium.remote.RemoteWebDriver.execute(RemoteWebDriver.java:518)
	at org.openqa.selenium.remote.RemoteWebElement.execute(RemoteWebElement.java:223)
	at org.openqa.selenium.remote.RemoteWebElement.click(RemoteWebElement.java:76)
	at Raj_Tensile1.Raj_Tensile.ourProjectImg2EyeButton(Raj_Tensile.java:251)
	at java.base/jdk.internal.reflect.DirectMethodHandleAccessor.invoke(DirectMethodHandleAccessor.java:103)
	at java.base/java.lang.reflect.Method.invoke(Method.java:580)
	at org.testng.internal.invokers.MethodInvocationHelper.invokeMethod(MethodInvocationHelper.java:141)
	at org.testng.internal.invokers.TestInvoker.invokeMethod(TestInvoker.java:686)
	at org.testng.internal.invokers.TestInvoker.invokeTestMethod(TestInvoker.java:230)
	at org.testng.internal.invokers.MethodRunner.runInSequence(MethodRunner.java:63)
	at org.testng.internal.invokers.TestInvoker$MethodInvocationAgent.invoke(TestInvoker.java:992)
	at org.testng.internal.invokers.TestInvoker.invokeTestMethods(TestInvoker.java:203)
	at org.testng.internal.invokers.TestMethodWorker.invokeTestMethods(TestMethodWorker.java:154)
	at org.testng.internal.invokers.TestMethodWorker.run(TestMethodWorker.java:134)
	at java.base/java.util.ArrayList.forEach(ArrayList.java:1596)
	at org.testng.TestRunner.privateRun(TestRunner.java:739)
	at org.testng.TestRunner.run(TestRunner.java:614)
	at org.testng.SuiteRunner.runTest(SuiteRunner.java:421)
	at org.testng.SuiteRunner.runSequentially(SuiteRunner.java:413)
	at org.testng.SuiteRunner.privateRun(SuiteRunner.java:373)
	at org.testng.SuiteRunner.run(SuiteRunner.java:312)
	at org.testng.SuiteRunnerWorker.runSuite(SuiteRunnerWorker.java:52)
	at org.testng.SuiteRunnerWorker.run(SuiteRunnerWorker.java:95)
	at org.testng.TestNG.runSuitesSequentially(TestNG.java:1274)
	at org.testng.TestNG.runSuitesLocally(TestNG.java:1208)
	at org.testng.TestNG.runSuites(TestNG.java:1112)
	at org.testng.TestNG.run(TestNG.java:1079)
	at org.testng.remote.AbstractRemoteTestNG.run(AbstractRemoteTestNG.java:115)
	at org.testng.remote.RemoteTestNG.initAndRun(RemoteTestNG.java:293)
	at org.testng.remote.RemoteTestNG.main(RemoteTestNG.java:91)
</pre></div></td>
<td>10</td>
<td>Raj_Tensile1.Raj_Tensile@6f2cfcc2</td></tr>
<tr>
<td title='Raj_Tensile1.Raj_Tensile.ourProjectImg2win()'><b>ourProjectImg2win</b><br>Test class: Raj_Tensile1.Raj_Tensile</td>
<td><div><pre>org.openqa.selenium.ElementNotInteractableException: element not interactable
  (Session info: chrome=124.0.6367.202)
Build info: version: &apos;4.20.0&apos;, revision: &apos;866c76ca80&apos;
System info: os.name: &apos;Windows 10&apos;, os.arch: &apos;amd64&apos;, os.version: &apos;10.0&apos;, java.version: &apos;21.0.2&apos;
Driver info: org.openqa.selenium.chrome.ChromeDriver
Command: [190580d958188bdbd9e1b11b0aaf46e6, clickElement {id=f.B26FF5ED02C46F14055935740618600F.d.FBE5F575B5527BF294D1B17A2EDA5032.e.126}]
Capabilities {acceptInsecureCerts: false, browserName: chrome, browserVersion: 124.0.6367.202, chrome: {chromedriverVersion: 124.0.6367.207 (a9001a6e39f..., userDataDir: C:\Users\PC\AppData\Local\T...}, fedcm:accounts: true, goog:chromeOptions: {debuggerAddress: localhost:2766}, networkConnectionEnabled: false, pageLoadStrategy: normal, platformName: windows, proxy: Proxy(), se:cdp: ws://localhost:2766/devtool..., se:cdpVersion: 124.0.6367.202, setWindowRect: true, strictFileInteractability: false, timeouts: {implicit: 0, pageLoad: 300000, script: 30000}, unhandledPromptBehavior: dismiss and notify, webauthn:extension:credBlob: true, webauthn:extension:largeBlob: true, webauthn:extension:minPinLength: true, webauthn:extension:prf: true, webauthn:virtualAuthenticators: true}
Element: [[ChromeDriver: chrome on windows (190580d958188bdbd9e1b11b0aaf46e6)] -&gt; xpath: //a[@title=&apos;Gulmohar garden Bhopal Madhya Pradesh&apos;]//i[@class=&apos;fa fa-arrows-alt&apos;]]
Session ID: 190580d958188bdbd9e1b11b0aaf46e6
	at java.base/jdk.internal.reflect.DirectConstructorHandleAccessor.newInstance(DirectConstructorHandleAccessor.java:62)
	at java.base/java.lang.reflect.Constructor.newInstanceWithCaller(Constructor.java:502)
	at java.base/java.lang.reflect.Constructor.newInstance(Constructor.java:486)
	at org.openqa.selenium.remote.ErrorCodec.decode(ErrorCodec.java:167)
	at org.openqa.selenium.remote.codec.w3c.W3CHttpResponseCodec.decode(W3CHttpResponseCodec.java:138)
	at org.openqa.selenium.remote.codec.w3c.W3CHttpResponseCodec.decode(W3CHttpResponseCodec.java:50)
	at org.openqa.selenium.remote.HttpCommandExecutor.execute(HttpCommandExecutor.java:190)
	at org.openqa.selenium.remote.service.DriverCommandExecutor.invokeExecute(DriverCommandExecutor.java:216)
	at org.openqa.selenium.remote.service.DriverCommandExecutor.execute(DriverCommandExecutor.java:174)
	at org.openqa.selenium.remote.RemoteWebDriver.execute(RemoteWebDriver.java:518)
	at org.openqa.selenium.remote.RemoteWebElement.execute(RemoteWebElement.java:223)
	at org.openqa.selenium.remote.RemoteWebElement.click(RemoteWebElement.java:76)
	at Raj_Tensile1.Raj_Tensile.ourProjectImg2win(Raj_Tensile.java:259)
	at java.base/jdk.internal.reflect.DirectMethodHandleAccessor.invoke(DirectMethodHandleAccessor.java:103)
	at java.base/java.lang.reflect.Method.invoke(Method.java:580)
	at org.testng.internal.invokers.MethodInvocationHelper.invokeMethod(MethodInvocationHelper.java:141)
	at org.testng.internal.invokers.TestInvoker.invokeMethod(TestInvoker.java:686)
	at org.testng.internal.invokers.TestInvoker.invokeTestMethod(TestInvoker.java:230)
	at org.testng.internal.invokers.MethodRunner.runInSequence(MethodRunner.java:63)
	at org.testng.internal.invokers.TestInvoker$MethodInvocationAgent.invoke(TestInvoker.java:992)
	at org.testng.internal.invokers.TestInvoker.invokeTestMethods(TestInvoker.java:203)
	at org.testng.internal.invokers.TestMethodWorker.invokeTestMethods(TestMethodWorker.java:154)
	at org.testng.internal.invokers.TestMethodWorker.run(TestMethodWorker.java:134)
	at java.base/java.util.ArrayList.forEach(ArrayList.java:1596)
	at org.testng.TestRunner.privateRun(TestRunner.java:739)
	at org.testng.TestRunner.run(TestRunner.java:614)
	at org.testng.SuiteRunner.runTest(SuiteRunner.java:421)
	at org.testng.SuiteRunner.runSequentially(SuiteRunner.java:413)
	at org.testng.SuiteRunner.privateRun(SuiteRunner.java:373)
	at org.testng.SuiteRunner.run(SuiteRunner.java:312)
	at org.testng.SuiteRunnerWorker.runSuite(SuiteRunnerWorker.java:52)
	at org.testng.SuiteRunnerWorker.run(SuiteRunnerWorker.java:95)
	at org.testng.TestNG.runSuitesSequentially(TestNG.java:1274)
	at org.testng.TestNG.runSuitesLocally(TestNG.java:1208)
	at org.testng.TestNG.runSuites(TestNG.java:1112)
	at org.testng.TestNG.run(TestNG.java:1079)
	at org.testng.remote.AbstractRemoteTestNG.run(AbstractRemoteTestNG.java:115)
	at org.testng.remote.RemoteTestNG.initAndRun(RemoteTestNG.java:293)
	at org.testng.remote.RemoteTestNG.main(RemoteTestNG.java:91)
</pre></div><a href='#' onClick='toggleBox("stack-trace1921553024", this, "Click to show all stack frames", "Click to hide stack frames")'>Click to show all stack frames</a>
<div class='stack-trace' id='stack-trace1921553024'><pre>org.openqa.selenium.ElementNotInteractableException: element not interactable
  (Session info: chrome=124.0.6367.202)
Build info: version: &apos;4.20.0&apos;, revision: &apos;866c76ca80&apos;
System info: os.name: &apos;Windows 10&apos;, os.arch: &apos;amd64&apos;, os.version: &apos;10.0&apos;, java.version: &apos;21.0.2&apos;
Driver info: org.openqa.selenium.chrome.ChromeDriver
Command: [190580d958188bdbd9e1b11b0aaf46e6, clickElement {id=f.B26FF5ED02C46F14055935740618600F.d.FBE5F575B5527BF294D1B17A2EDA5032.e.126}]
Capabilities {acceptInsecureCerts: false, browserName: chrome, browserVersion: 124.0.6367.202, chrome: {chromedriverVersion: 124.0.6367.207 (a9001a6e39f..., userDataDir: C:\Users\PC\AppData\Local\T...}, fedcm:accounts: true, goog:chromeOptions: {debuggerAddress: localhost:2766}, networkConnectionEnabled: false, pageLoadStrategy: normal, platformName: windows, proxy: Proxy(), se:cdp: ws://localhost:2766/devtool..., se:cdpVersion: 124.0.6367.202, setWindowRect: true, strictFileInteractability: false, timeouts: {implicit: 0, pageLoad: 300000, script: 30000}, unhandledPromptBehavior: dismiss and notify, webauthn:extension:credBlob: true, webauthn:extension:largeBlob: true, webauthn:extension:minPinLength: true, webauthn:extension:prf: true, webauthn:virtualAuthenticators: true}
Element: [[ChromeDriver: chrome on windows (190580d958188bdbd9e1b11b0aaf46e6)] -&gt; xpath: //a[@title=&apos;Gulmohar garden Bhopal Madhya Pradesh&apos;]//i[@class=&apos;fa fa-arrows-alt&apos;]]
Session ID: 190580d958188bdbd9e1b11b0aaf46e6
	at java.base/jdk.internal.reflect.DirectConstructorHandleAccessor.newInstance(DirectConstructorHandleAccessor.java:62)
	at java.base/java.lang.reflect.Constructor.newInstanceWithCaller(Constructor.java:502)
	at java.base/java.lang.reflect.Constructor.newInstance(Constructor.java:486)
	at org.openqa.selenium.remote.ErrorCodec.decode(ErrorCodec.java:167)
	at org.openqa.selenium.remote.codec.w3c.W3CHttpResponseCodec.decode(W3CHttpResponseCodec.java:138)
	at org.openqa.selenium.remote.codec.w3c.W3CHttpResponseCodec.decode(W3CHttpResponseCodec.java:50)
	at org.openqa.selenium.remote.HttpCommandExecutor.execute(HttpCommandExecutor.java:190)
	at org.openqa.selenium.remote.service.DriverCommandExecutor.invokeExecute(DriverCommandExecutor.java:216)
	at org.openqa.selenium.remote.service.DriverCommandExecutor.execute(DriverCommandExecutor.java:174)
	at org.openqa.selenium.remote.RemoteWebDriver.execute(RemoteWebDriver.java:518)
	at org.openqa.selenium.remote.RemoteWebElement.execute(RemoteWebElement.java:223)
	at org.openqa.selenium.remote.RemoteWebElement.click(RemoteWebElement.java:76)
	at Raj_Tensile1.Raj_Tensile.ourProjectImg2win(Raj_Tensile.java:259)
	at java.base/jdk.internal.reflect.DirectMethodHandleAccessor.invoke(DirectMethodHandleAccessor.java:103)
	at java.base/java.lang.reflect.Method.invoke(Method.java:580)
	at org.testng.internal.invokers.MethodInvocationHelper.invokeMethod(MethodInvocationHelper.java:141)
	at org.testng.internal.invokers.TestInvoker.invokeMethod(TestInvoker.java:686)
	at org.testng.internal.invokers.TestInvoker.invokeTestMethod(TestInvoker.java:230)
	at org.testng.internal.invokers.MethodRunner.runInSequence(MethodRunner.java:63)
	at org.testng.internal.invokers.TestInvoker$MethodInvocationAgent.invoke(TestInvoker.java:992)
	at org.testng.internal.invokers.TestInvoker.invokeTestMethods(TestInvoker.java:203)
	at org.testng.internal.invokers.TestMethodWorker.invokeTestMethods(TestMethodWorker.java:154)
	at org.testng.internal.invokers.TestMethodWorker.run(TestMethodWorker.java:134)
	at java.base/java.util.ArrayList.forEach(ArrayList.java:1596)
	at org.testng.TestRunner.privateRun(TestRunner.java:739)
	at org.testng.TestRunner.run(TestRunner.java:614)
	at org.testng.SuiteRunner.runTest(SuiteRunner.java:421)
	at org.testng.SuiteRunner.runSequentially(SuiteRunner.java:413)
	at org.testng.SuiteRunner.privateRun(SuiteRunner.java:373)
	at org.testng.SuiteRunner.run(SuiteRunner.java:312)
	at org.testng.SuiteRunnerWorker.runSuite(SuiteRunnerWorker.java:52)
	at org.testng.SuiteRunnerWorker.run(SuiteRunnerWorker.java:95)
	at org.testng.TestNG.runSuitesSequentially(TestNG.java:1274)
	at org.testng.TestNG.runSuitesLocally(TestNG.java:1208)
	at org.testng.TestNG.runSuites(TestNG.java:1112)
	at org.testng.TestNG.run(TestNG.java:1079)
	at org.testng.remote.AbstractRemoteTestNG.run(AbstractRemoteTestNG.java:115)
	at org.testng.remote.RemoteTestNG.initAndRun(RemoteTestNG.java:293)
	at org.testng.remote.RemoteTestNG.main(RemoteTestNG.java:91)
</pre></div></td>
<td>10</td>
<td>Raj_Tensile1.Raj_Tensile@6f2cfcc2</td></tr>
</table><p>
<table width='100%' border='1' class='invocation-passed'>
<tr><td colspan='4' align='center'><b>PASSED TESTS</b></td></tr>
<tr><td><b>Test method</b></td>
<td><b>Attribute(s)</b></td>
<td width="30%"><b>Exception</b></td>
<td width="10%"><b>Time (seconds)</b></td>
<td><b>Instance</b></td>
</tr>
<tr>
<td title='Raj_Tensile1.Raj_Tensile.gazebo()'><b>gazebo</b><br>Test class: Raj_Tensile1.Raj_Tensile</td>
<td></td>
<td>2</td>
<td>Raj_Tensile1.Raj_Tensile@6f2cfcc2</td></tr>
<tr>
<td title='Raj_Tensile1.Raj_Tensile.whoWeAreImg1()'><b>whoWeAreImg1</b><br>Test class: Raj_Tensile1.Raj_Tensile</td>
<td></td>
<td>0</td>
<td>Raj_Tensile1.Raj_Tensile@6f2cfcc2</td></tr>
<tr>
<td title='Raj_Tensile1.Raj_Tensile.ourProject()'><b>ourProject</b><br>Test class: Raj_Tensile1.Raj_Tensile</td>
<td></td>
<td>0</td>
<td>Raj_Tensile1.Raj_Tensile@6f2cfcc2</td></tr>
<tr>
<td title='Raj_Tensile1.Raj_Tensile.whatWeOffer()'><b>whatWeOffer</b><br>Test class: Raj_Tensile1.Raj_Tensile</td>
<td></td>
<td>0</td>
<td>Raj_Tensile1.Raj_Tensile@6f2cfcc2</td></tr>
<tr>
<td title='Raj_Tensile1.Raj_Tensile.discoverMore()'><b>discoverMore</b><br>Test class: Raj_Tensile1.Raj_Tensile</td>
<td></td>
<td>4</td>
<td>Raj_Tensile1.Raj_Tensile@6f2cfcc2</td></tr>
<tr>
<td title='Raj_Tensile1.Raj_Tensile.knowUsBetter()'><b>knowUsBetter</b><br>Test class: Raj_Tensile1.Raj_Tensile</td>
<td></td>
<td>0</td>
<td>Raj_Tensile1.Raj_Tensile@6f2cfcc2</td></tr>
<tr>
<td title='Raj_Tensile1.Raj_Tensile.constructionService()'><b>constructionService</b><br>Test class: Raj_Tensile1.Raj_Tensile</td>
<td></td>
<td>0</td>
<td>Raj_Tensile1.Raj_Tensile@6f2cfcc2</td></tr>
<tr>
<td title='Raj_Tensile1.Raj_Tensile.stadium()'><b>stadium</b><br>Test class: Raj_Tensile1.Raj_Tensile</td>
<td></td>
<td>2</td>
<td>Raj_Tensile1.Raj_Tensile@6f2cfcc2</td></tr>
<tr>
<td title='Raj_Tensile1.Raj_Tensile.whoWeAreImg2()'><b>whoWeAreImg2</b><br>Test class: Raj_Tensile1.Raj_Tensile</td>
<td></td>
<td>0</td>
<td>Raj_Tensile1.Raj_Tensile@6f2cfcc2</td></tr>
<tr>
<td title='Raj_Tensile1.Raj_Tensile.fabricationQuality()'><b>fabricationQuality</b><br>Test class: Raj_Tensile1.Raj_Tensile</td>
<td></td>
<td>0</td>
<td>Raj_Tensile1.Raj_Tensile@6f2cfcc2</td></tr>
<tr>
<td title='Raj_Tensile1.Raj_Tensile.ourProjectImg1win()'><b>ourProjectImg1win</b><br>Test class: Raj_Tensile1.Raj_Tensile</td>
<td></td>
<td>0</td>
<td>Raj_Tensile1.Raj_Tensile@6f2cfcc2</td></tr>
<tr>
<td title='Raj_Tensile1.Raj_Tensile.leftArrow()'><b>leftArrow</b><br>Test class: Raj_Tensile1.Raj_Tensile</td>
<td></td>
<td>0</td>
<td>Raj_Tensile1.Raj_Tensile@6f2cfcc2</td></tr>
<tr>
<td title='Raj_Tensile1.Raj_Tensile.contactUs()'><b>contactUs</b><br>Test class: Raj_Tensile1.Raj_Tensile</td>
<td></td>
<td>8</td>
<td>Raj_Tensile1.Raj_Tensile@6f2cfcc2</td></tr>
<tr>
<td title='Raj_Tensile1.Raj_Tensile.testimonials()'><b>testimonials</b><br>Test class: Raj_Tensile1.Raj_Tensile</td>
<td></td>
<td>0</td>
<td>Raj_Tensile1.Raj_Tensile@6f2cfcc2</td></tr>
<tr>
<td title='Raj_Tensile1.Raj_Tensile.whoWeAreText()'><b>whoWeAreText</b><br>Test class: Raj_Tensile1.Raj_Tensile</td>
<td></td>
<td>0</td>
<td>Raj_Tensile1.Raj_Tensile@6f2cfcc2</td></tr>
<tr>
<td title='Raj_Tensile1.Raj_Tensile.engineeringInnovation()'><b>engineeringInnovation</b><br>Test class: Raj_Tensile1.Raj_Tensile</td>
<td></td>
<td>0</td>
<td>Raj_Tensile1.Raj_Tensile@6f2cfcc2</td></tr>
<tr>
<td title='Raj_Tensile1.Raj_Tensile.auditorium()'><b>auditorium</b><br>Test class: Raj_Tensile1.Raj_Tensile</td>
<td></td>
<td>2</td>
<td>Raj_Tensile1.Raj_Tensile@6f2cfcc2</td></tr>
<tr>
<td title='Raj_Tensile1.Raj_Tensile.rightArrow()'><b>rightArrow</b><br>Test class: Raj_Tensile1.Raj_Tensile</td>
<td></td>
<td>0</td>
<td>Raj_Tensile1.Raj_Tensile@6f2cfcc2</td></tr>
<tr>
<td title='Raj_Tensile1.Raj_Tensile.whoWeAre()'><b>whoWeAre</b><br>Test class: Raj_Tensile1.Raj_Tensile</td>
<td></td>
<td>0</td>
<td>Raj_Tensile1.Raj_Tensile@6f2cfcc2</td></tr>
<tr>
<td title='Raj_Tensile1.Raj_Tensile.walkway()'><b>walkway</b><br>Test class: Raj_Tensile1.Raj_Tensile</td>
<td></td>
<td>2</td>
<td>Raj_Tensile1.Raj_Tensile@6f2cfcc2</td></tr>
<tr>
<td title='Raj_Tensile1.Raj_Tensile.ourProjectImg1EyeButton()'><b>ourProjectImg1EyeButton</b><br>Test class: Raj_Tensile1.Raj_Tensile</td>
<td></td>
<td>2</td>
<td>Raj_Tensile1.Raj_Tensile@6f2cfcc2</td></tr>
<tr>
<td title='Raj_Tensile1.Raj_Tensile.home()'><b>home</b><br>Test class: Raj_Tensile1.Raj_Tensile</td>
<td></td>
<td>1</td>
<td>Raj_Tensile1.Raj_Tensile@6f2cfcc2</td></tr>
<tr>
<td title='Raj_Tensile1.Raj_Tensile.designAndCreativity()'><b>designAndCreativity</b><br>Test class: Raj_Tensile1.Raj_Tensile</td>
<td></td>
<td>0</td>
<td>Raj_Tensile1.Raj_Tensile@6f2cfcc2</td></tr>
<tr>
<td title='Raj_Tensile1.Raj_Tensile.swimmingPool()'><b>swimmingPool</b><br>Test class: Raj_Tensile1.Raj_Tensile</td>
<td></td>
<td>2</td>
<td>Raj_Tensile1.Raj_Tensile@6f2cfcc2</td></tr>
<tr>
<td title='Raj_Tensile1.Raj_Tensile.carParking()'><b>carParking</b><br>Test class: Raj_Tensile1.Raj_Tensile</td>
<td></td>
<td>4</td>
<td>Raj_Tensile1.Raj_Tensile@6f2cfcc2</td></tr>
</table><p>
</body>
</html>