<?xml version="1.0" encoding="UTF-8"?>
<testng-results ignored="0" total="27" passed="25" failed="2" skipped="0">
  <reporter-output>
  </reporter-output>
  <suite started-at="2024-05-14T16:21:00 IST" name="Default suite" finished-at="2024-05-14T16:21:57 IST" duration-ms="56974">
    <groups>
    </groups>
    <test started-at="2024-05-14T16:21:00 IST" name="Default test" finished-at="2024-05-14T16:21:57 IST" duration-ms="56974">
      <class name="Raj_Tensile1.Raj_Tensile">
        <test-method is-config="true" signature="navigate()[pri:0, instance:Raj_Tensile1.Raj_Tensile@6f2cfcc2]" started-at="2024-05-14T16:21:00 IST" name="navigate" finished-at="2024-05-14T16:21:02 IST" duration-ms="2139" status="PASS">
          <reporter-output>
          </reporter-output>
        </test-method> <!-- navigate -->
        <test-method signature="home()[pri:0, instance:Raj_Tensile1.Raj_Tensile@6f2cfcc2]" started-at="2024-05-14T16:21:02 IST" name="home" finished-at="2024-05-14T16:21:04 IST" duration-ms="1847" status="PASS">
          <reporter-output>
          </reporter-output>
        </test-method> <!-- home -->
        <test-method signature="rightArrow()[pri:1, instance:Raj_Tensile1.Raj_Tensile@6f2cfcc2]" started-at="2024-05-14T16:21:04 IST" name="rightArrow" finished-at="2024-05-14T16:21:04 IST" duration-ms="111" status="PASS">
          <reporter-output>
          </reporter-output>
        </test-method> <!-- rightArrow -->
        <test-method signature="leftArrow()[pri:2, instance:Raj_Tensile1.Raj_Tensile@6f2cfcc2]" started-at="2024-05-14T16:21:04 IST" name="leftArrow" finished-at="2024-05-14T16:21:04 IST" duration-ms="96" status="PASS">
          <reporter-output>
          </reporter-output>
        </test-method> <!-- leftArrow -->
        <test-method signature="discoverMore()[pri:3, instance:Raj_Tensile1.Raj_Tensile@6f2cfcc2]" started-at="2024-05-14T16:21:04 IST" name="discoverMore" finished-at="2024-05-14T16:21:09 IST" duration-ms="4884" status="PASS">
          <reporter-output>
          </reporter-output>
        </test-method> <!-- discoverMore -->
        <test-method signature="contactUs()[pri:4, instance:Raj_Tensile1.Raj_Tensile@6f2cfcc2]" started-at="2024-05-14T16:21:09 IST" name="contactUs" finished-at="2024-05-14T16:21:18 IST" duration-ms="8934" status="PASS">
          <reporter-output>
          </reporter-output>
        </test-method> <!-- contactUs -->
        <test-method signature="whoWeAre()[pri:5, instance:Raj_Tensile1.Raj_Tensile@6f2cfcc2]" started-at="2024-05-14T16:21:18 IST" name="whoWeAre" finished-at="2024-05-14T16:21:18 IST" duration-ms="137" status="PASS">
          <reporter-output>
          </reporter-output>
        </test-method> <!-- whoWeAre -->
        <test-method signature="whoWeAreImg1()[pri:6, instance:Raj_Tensile1.Raj_Tensile@6f2cfcc2]" started-at="2024-05-14T16:21:18 IST" name="whoWeAreImg1" finished-at="2024-05-14T16:21:18 IST" duration-ms="30" status="PASS">
          <reporter-output>
          </reporter-output>
        </test-method> <!-- whoWeAreImg1 -->
        <test-method signature="whoWeAreImg2()[pri:7, instance:Raj_Tensile1.Raj_Tensile@6f2cfcc2]" started-at="2024-05-14T16:21:18 IST" name="whoWeAreImg2" finished-at="2024-05-14T16:21:18 IST" duration-ms="31" status="PASS">
          <reporter-output>
          </reporter-output>
        </test-method> <!-- whoWeAreImg2 -->
        <test-method signature="whoWeAreText()[pri:8, instance:Raj_Tensile1.Raj_Tensile@6f2cfcc2]" started-at="2024-05-14T16:21:18 IST" name="whoWeAreText" finished-at="2024-05-14T16:21:18 IST" duration-ms="31" status="PASS">
          <reporter-output>
          </reporter-output>
        </test-method> <!-- whoWeAreText -->
        <test-method signature="knowUsBetter()[pri:9, instance:Raj_Tensile1.Raj_Tensile@6f2cfcc2]" started-at="2024-05-14T16:21:18 IST" name="knowUsBetter" finished-at="2024-05-14T16:21:18 IST" duration-ms="36" status="PASS">
          <reporter-output>
          </reporter-output>
        </test-method> <!-- knowUsBetter -->
        <test-method signature="designAndCreativity()[pri:10, instance:Raj_Tensile1.Raj_Tensile@6f2cfcc2]" started-at="2024-05-14T16:21:18 IST" name="designAndCreativity" finished-at="2024-05-14T16:21:18 IST" duration-ms="136" status="PASS">
          <reporter-output>
          </reporter-output>
        </test-method> <!-- designAndCreativity -->
        <test-method signature="engineeringInnovation()[pri:11, instance:Raj_Tensile1.Raj_Tensile@6f2cfcc2]" started-at="2024-05-14T16:21:18 IST" name="engineeringInnovation" finished-at="2024-05-14T16:21:18 IST" duration-ms="142" status="PASS">
          <reporter-output>
          </reporter-output>
        </test-method> <!-- engineeringInnovation -->
        <test-method signature="fabricationQuality()[pri:12, instance:Raj_Tensile1.Raj_Tensile@6f2cfcc2]" started-at="2024-05-14T16:21:18 IST" name="fabricationQuality" finished-at="2024-05-14T16:21:18 IST" duration-ms="126" status="PASS">
          <reporter-output>
          </reporter-output>
        </test-method> <!-- fabricationQuality -->
        <test-method signature="constructionService()[pri:13, instance:Raj_Tensile1.Raj_Tensile@6f2cfcc2]" started-at="2024-05-14T16:21:18 IST" name="constructionService" finished-at="2024-05-14T16:21:18 IST" duration-ms="104" status="PASS">
          <reporter-output>
          </reporter-output>
        </test-method> <!-- constructionService -->
        <test-method signature="whatWeOffer()[pri:14, instance:Raj_Tensile1.Raj_Tensile@6f2cfcc2]" started-at="2024-05-14T16:21:18 IST" name="whatWeOffer" finished-at="2024-05-14T16:21:18 IST" duration-ms="45" status="PASS">
          <reporter-output>
          </reporter-output>
        </test-method> <!-- whatWeOffer -->
        <test-method signature="carParking()[pri:15, instance:Raj_Tensile1.Raj_Tensile@6f2cfcc2]" started-at="2024-05-14T16:21:18 IST" name="carParking" finished-at="2024-05-14T16:21:23 IST" duration-ms="4449" status="PASS">
          <reporter-output>
          </reporter-output>
        </test-method> <!-- carParking -->
        <test-method signature="walkway()[pri:16, instance:Raj_Tensile1.Raj_Tensile@6f2cfcc2]" started-at="2024-05-14T16:21:23 IST" name="walkway" finished-at="2024-05-14T16:21:25 IST" duration-ms="2018" status="PASS">
          <reporter-output>
          </reporter-output>
        </test-method> <!-- walkway -->
        <test-method signature="auditorium()[pri:17, instance:Raj_Tensile1.Raj_Tensile@6f2cfcc2]" started-at="2024-05-14T16:21:25 IST" name="auditorium" finished-at="2024-05-14T16:21:27 IST" duration-ms="2046" status="PASS">
          <reporter-output>
          </reporter-output>
        </test-method> <!-- auditorium -->
        <test-method signature="gazebo()[pri:18, instance:Raj_Tensile1.Raj_Tensile@6f2cfcc2]" started-at="2024-05-14T16:21:27 IST" name="gazebo" finished-at="2024-05-14T16:21:29 IST" duration-ms="2051" status="PASS">
          <reporter-output>
          </reporter-output>
        </test-method> <!-- gazebo -->
        <test-method signature="swimmingPool()[pri:19, instance:Raj_Tensile1.Raj_Tensile@6f2cfcc2]" started-at="2024-05-14T16:21:29 IST" name="swimmingPool" finished-at="2024-05-14T16:21:31 IST" duration-ms="2028" status="PASS">
          <reporter-output>
          </reporter-output>
        </test-method> <!-- swimmingPool -->
        <test-method signature="stadium()[pri:20, instance:Raj_Tensile1.Raj_Tensile@6f2cfcc2]" started-at="2024-05-14T16:21:31 IST" name="stadium" finished-at="2024-05-14T16:21:33 IST" duration-ms="2218" status="PASS">
          <reporter-output>
          </reporter-output>
        </test-method> <!-- stadium -->
        <test-method signature="testimonials()[pri:21, instance:Raj_Tensile1.Raj_Tensile@6f2cfcc2]" started-at="2024-05-14T16:21:33 IST" name="testimonials" finished-at="2024-05-14T16:21:33 IST" duration-ms="183" status="PASS">
          <reporter-output>
          </reporter-output>
        </test-method> <!-- testimonials -->
        <test-method signature="ourProject()[pri:22, instance:Raj_Tensile1.Raj_Tensile@6f2cfcc2]" started-at="2024-05-14T16:21:33 IST" name="ourProject" finished-at="2024-05-14T16:21:34 IST" duration-ms="37" status="PASS">
          <reporter-output>
          </reporter-output>
        </test-method> <!-- ourProject -->
        <test-method signature="ourProjectImg1EyeButton()[pri:23, instance:Raj_Tensile1.Raj_Tensile@6f2cfcc2]" started-at="2024-05-14T16:21:34 IST" name="ourProjectImg1EyeButton" finished-at="2024-05-14T16:21:36 IST" duration-ms="2301" status="PASS">
          <reporter-output>
          </reporter-output>
        </test-method> <!-- ourProjectImg1EyeButton -->
        <test-method signature="ourProjectImg1win()[pri:24, instance:Raj_Tensile1.Raj_Tensile@6f2cfcc2]" started-at="2024-05-14T16:21:36 IST" name="ourProjectImg1win" finished-at="2024-05-14T16:21:36 IST" duration-ms="264" status="PASS">
          <reporter-output>
          </reporter-output>
        </test-method> <!-- ourProjectImg1win -->
        <test-method signature="ourProjectImg2EyeButton()[pri:25, instance:Raj_Tensile1.Raj_Tensile@6f2cfcc2]" started-at="2024-05-14T16:21:36 IST" name="ourProjectImg2EyeButton" finished-at="2024-05-14T16:21:46 IST" duration-ms="10178" status="FAIL">
          <exception class="org.openqa.selenium.ElementNotInteractableException">
            <message>
              <![CDATA[element not interactable
  (Session info: chrome=124.0.6367.202)
Build info: version: '4.20.0', revision: '866c76ca80'
System info: os.name: 'Windows 10', os.arch: 'amd64', os.version: '10.0', java.version: '21.0.2'
Driver info: org.openqa.selenium.chrome.ChromeDriver
Command: [190580d958188bdbd9e1b11b0aaf46e6, clickElement {id=f.B26FF5ED02C46F14055935740618600F.d.FBE5F575B5527BF294D1B17A2EDA5032.e.116}]
Capabilities {acceptInsecureCerts: false, browserName: chrome, browserVersion: 124.0.6367.202, chrome: {chromedriverVersion: 124.0.6367.207 (a9001a6e39f..., userDataDir: C:\Users\PC\AppData\Local\T...}, fedcm:accounts: true, goog:chromeOptions: {debuggerAddress: localhost:2766}, networkConnectionEnabled: false, pageLoadStrategy: normal, platformName: windows, proxy: Proxy(), se:cdp: ws://localhost:2766/devtool..., se:cdpVersion: 124.0.6367.202, setWindowRect: true, strictFileInteractability: false, timeouts: {implicit: 0, pageLoad: 300000, script: 30000}, unhandledPromptBehavior: dismiss and notify, webauthn:extension:credBlob: true, webauthn:extension:largeBlob: true, webauthn:extension:minPinLength: true, webauthn:extension:prf: true, webauthn:virtualAuthenticators: true}
Element: [[ChromeDriver: chrome on windows (190580d958188bdbd9e1b11b0aaf46e6)] -> xpath: (//i[@class='fa fa-eye'])[2]]
Session ID: 190580d958188bdbd9e1b11b0aaf46e6]]>
            </message>
            <full-stacktrace>
              <![CDATA[org.openqa.selenium.ElementNotInteractableException: element not interactable
  (Session info: chrome=124.0.6367.202)
Build info: version: '4.20.0', revision: '866c76ca80'
System info: os.name: 'Windows 10', os.arch: 'amd64', os.version: '10.0', java.version: '21.0.2'
Driver info: org.openqa.selenium.chrome.ChromeDriver
Command: [190580d958188bdbd9e1b11b0aaf46e6, clickElement {id=f.B26FF5ED02C46F14055935740618600F.d.FBE5F575B5527BF294D1B17A2EDA5032.e.116}]
Capabilities {acceptInsecureCerts: false, browserName: chrome, browserVersion: 124.0.6367.202, chrome: {chromedriverVersion: 124.0.6367.207 (a9001a6e39f..., userDataDir: C:\Users\PC\AppData\Local\T...}, fedcm:accounts: true, goog:chromeOptions: {debuggerAddress: localhost:2766}, networkConnectionEnabled: false, pageLoadStrategy: normal, platformName: windows, proxy: Proxy(), se:cdp: ws://localhost:2766/devtool..., se:cdpVersion: 124.0.6367.202, setWindowRect: true, strictFileInteractability: false, timeouts: {implicit: 0, pageLoad: 300000, script: 30000}, unhandledPromptBehavior: dismiss and notify, webauthn:extension:credBlob: true, webauthn:extension:largeBlob: true, webauthn:extension:minPinLength: true, webauthn:extension:prf: true, webauthn:virtualAuthenticators: true}
Element: [[ChromeDriver: chrome on windows (190580d958188bdbd9e1b11b0aaf46e6)] -> xpath: (//i[@class='fa fa-eye'])[2]]
Session ID: 190580d958188bdbd9e1b11b0aaf46e6
at java.base/jdk.internal.reflect.DirectConstructorHandleAccessor.newInstance(DirectConstructorHandleAccessor.java:62)
at java.base/java.lang.reflect.Constructor.newInstanceWithCaller(Constructor.java:502)
at java.base/java.lang.reflect.Constructor.newInstance(Constructor.java:486)
at org.openqa.selenium.remote.ErrorCodec.decode(ErrorCodec.java:167)
at org.openqa.selenium.remote.codec.w3c.W3CHttpResponseCodec.decode(W3CHttpResponseCodec.java:138)
at org.openqa.selenium.remote.codec.w3c.W3CHttpResponseCodec.decode(W3CHttpResponseCodec.java:50)
at org.openqa.selenium.remote.HttpCommandExecutor.execute(HttpCommandExecutor.java:190)
at org.openqa.selenium.remote.service.DriverCommandExecutor.invokeExecute(DriverCommandExecutor.java:216)
at org.openqa.selenium.remote.service.DriverCommandExecutor.execute(DriverCommandExecutor.java:174)
at org.openqa.selenium.remote.RemoteWebDriver.execute(RemoteWebDriver.java:518)
at org.openqa.selenium.remote.RemoteWebElement.execute(RemoteWebElement.java:223)
at org.openqa.selenium.remote.RemoteWebElement.click(RemoteWebElement.java:76)
at Raj_Tensile1.Raj_Tensile.ourProjectImg2EyeButton(Raj_Tensile.java:251)
at java.base/jdk.internal.reflect.DirectMethodHandleAccessor.invoke(DirectMethodHandleAccessor.java:103)
at java.base/java.lang.reflect.Method.invoke(Method.java:580)
at org.testng.internal.invokers.MethodInvocationHelper.invokeMethod(MethodInvocationHelper.java:141)
at org.testng.internal.invokers.TestInvoker.invokeMethod(TestInvoker.java:686)
at org.testng.internal.invokers.TestInvoker.invokeTestMethod(TestInvoker.java:230)
at org.testng.internal.invokers.MethodRunner.runInSequence(MethodRunner.java:63)
at org.testng.internal.invokers.TestInvoker$MethodInvocationAgent.invoke(TestInvoker.java:992)
at org.testng.internal.invokers.TestInvoker.invokeTestMethods(TestInvoker.java:203)
at org.testng.internal.invokers.TestMethodWorker.invokeTestMethods(TestMethodWorker.java:154)
at org.testng.internal.invokers.TestMethodWorker.run(TestMethodWorker.java:134)
at java.base/java.util.ArrayList.forEach(ArrayList.java:1596)
at org.testng.TestRunner.privateRun(TestRunner.java:739)
at org.testng.TestRunner.run(TestRunner.java:614)
at org.testng.SuiteRunner.runTest(SuiteRunner.java:421)
at org.testng.SuiteRunner.runSequentially(SuiteRunner.java:413)
at org.testng.SuiteRunner.privateRun(SuiteRunner.java:373)
at org.testng.SuiteRunner.run(SuiteRunner.java:312)
at org.testng.SuiteRunnerWorker.runSuite(SuiteRunnerWorker.java:52)
at org.testng.SuiteRunnerWorker.run(SuiteRunnerWorker.java:95)
at org.testng.TestNG.runSuitesSequentially(TestNG.java:1274)
at org.testng.TestNG.runSuitesLocally(TestNG.java:1208)
at org.testng.TestNG.runSuites(TestNG.java:1112)
at org.testng.TestNG.run(TestNG.java:1079)
at org.testng.remote.AbstractRemoteTestNG.run(AbstractRemoteTestNG.java:115)
at org.testng.remote.RemoteTestNG.initAndRun(RemoteTestNG.java:293)
at org.testng.remote.RemoteTestNG.main(RemoteTestNG.java:91)
]]>
            </full-stacktrace>
          </exception> <!-- org.openqa.selenium.ElementNotInteractableException -->
          <reporter-output>
          </reporter-output>
        </test-method> <!-- ourProjectImg2EyeButton -->
        <test-method signature="ourProjectImg2win()[pri:26, instance:Raj_Tensile1.Raj_Tensile@6f2cfcc2]" started-at="2024-05-14T16:21:46 IST" name="ourProjectImg2win" finished-at="2024-05-14T16:21:57 IST" duration-ms="10209" status="FAIL">
          <exception class="org.openqa.selenium.ElementNotInteractableException">
            <message>
              <![CDATA[element not interactable
  (Session info: chrome=124.0.6367.202)
Build info: version: '4.20.0', revision: '866c76ca80'
System info: os.name: 'Windows 10', os.arch: 'amd64', os.version: '10.0', java.version: '21.0.2'
Driver info: org.openqa.selenium.chrome.ChromeDriver
Command: [190580d958188bdbd9e1b11b0aaf46e6, clickElement {id=f.B26FF5ED02C46F14055935740618600F.d.FBE5F575B5527BF294D1B17A2EDA5032.e.126}]
Capabilities {acceptInsecureCerts: false, browserName: chrome, browserVersion: 124.0.6367.202, chrome: {chromedriverVersion: 124.0.6367.207 (a9001a6e39f..., userDataDir: C:\Users\PC\AppData\Local\T...}, fedcm:accounts: true, goog:chromeOptions: {debuggerAddress: localhost:2766}, networkConnectionEnabled: false, pageLoadStrategy: normal, platformName: windows, proxy: Proxy(), se:cdp: ws://localhost:2766/devtool..., se:cdpVersion: 124.0.6367.202, setWindowRect: true, strictFileInteractability: false, timeouts: {implicit: 0, pageLoad: 300000, script: 30000}, unhandledPromptBehavior: dismiss and notify, webauthn:extension:credBlob: true, webauthn:extension:largeBlob: true, webauthn:extension:minPinLength: true, webauthn:extension:prf: true, webauthn:virtualAuthenticators: true}
Element: [[ChromeDriver: chrome on windows (190580d958188bdbd9e1b11b0aaf46e6)] -> xpath: //a[@title='Gulmohar garden Bhopal Madhya Pradesh']//i[@class='fa fa-arrows-alt']]
Session ID: 190580d958188bdbd9e1b11b0aaf46e6]]>
            </message>
            <full-stacktrace>
              <![CDATA[org.openqa.selenium.ElementNotInteractableException: element not interactable
  (Session info: chrome=124.0.6367.202)
Build info: version: '4.20.0', revision: '866c76ca80'
System info: os.name: 'Windows 10', os.arch: 'amd64', os.version: '10.0', java.version: '21.0.2'
Driver info: org.openqa.selenium.chrome.ChromeDriver
Command: [190580d958188bdbd9e1b11b0aaf46e6, clickElement {id=f.B26FF5ED02C46F14055935740618600F.d.FBE5F575B5527BF294D1B17A2EDA5032.e.126}]
Capabilities {acceptInsecureCerts: false, browserName: chrome, browserVersion: 124.0.6367.202, chrome: {chromedriverVersion: 124.0.6367.207 (a9001a6e39f..., userDataDir: C:\Users\PC\AppData\Local\T...}, fedcm:accounts: true, goog:chromeOptions: {debuggerAddress: localhost:2766}, networkConnectionEnabled: false, pageLoadStrategy: normal, platformName: windows, proxy: Proxy(), se:cdp: ws://localhost:2766/devtool..., se:cdpVersion: 124.0.6367.202, setWindowRect: true, strictFileInteractability: false, timeouts: {implicit: 0, pageLoad: 300000, script: 30000}, unhandledPromptBehavior: dismiss and notify, webauthn:extension:credBlob: true, webauthn:extension:largeBlob: true, webauthn:extension:minPinLength: true, webauthn:extension:prf: true, webauthn:virtualAuthenticators: true}
Element: [[ChromeDriver: chrome on windows (190580d958188bdbd9e1b11b0aaf46e6)] -> xpath: //a[@title='Gulmohar garden Bhopal Madhya Pradesh']//i[@class='fa fa-arrows-alt']]
Session ID: 190580d958188bdbd9e1b11b0aaf46e6
at java.base/jdk.internal.reflect.DirectConstructorHandleAccessor.newInstance(DirectConstructorHandleAccessor.java:62)
at java.base/java.lang.reflect.Constructor.newInstanceWithCaller(Constructor.java:502)
at java.base/java.lang.reflect.Constructor.newInstance(Constructor.java:486)
at org.openqa.selenium.remote.ErrorCodec.decode(ErrorCodec.java:167)
at org.openqa.selenium.remote.codec.w3c.W3CHttpResponseCodec.decode(W3CHttpResponseCodec.java:138)
at org.openqa.selenium.remote.codec.w3c.W3CHttpResponseCodec.decode(W3CHttpResponseCodec.java:50)
at org.openqa.selenium.remote.HttpCommandExecutor.execute(HttpCommandExecutor.java:190)
at org.openqa.selenium.remote.service.DriverCommandExecutor.invokeExecute(DriverCommandExecutor.java:216)
at org.openqa.selenium.remote.service.DriverCommandExecutor.execute(DriverCommandExecutor.java:174)
at org.openqa.selenium.remote.RemoteWebDriver.execute(RemoteWebDriver.java:518)
at org.openqa.selenium.remote.RemoteWebElement.execute(RemoteWebElement.java:223)
at org.openqa.selenium.remote.RemoteWebElement.click(RemoteWebElement.java:76)
at Raj_Tensile1.Raj_Tensile.ourProjectImg2win(Raj_Tensile.java:259)
at java.base/jdk.internal.reflect.DirectMethodHandleAccessor.invoke(DirectMethodHandleAccessor.java:103)
at java.base/java.lang.reflect.Method.invoke(Method.java:580)
at org.testng.internal.invokers.MethodInvocationHelper.invokeMethod(MethodInvocationHelper.java:141)
at org.testng.internal.invokers.TestInvoker.invokeMethod(TestInvoker.java:686)
at org.testng.internal.invokers.TestInvoker.invokeTestMethod(TestInvoker.java:230)
at org.testng.internal.invokers.MethodRunner.runInSequence(MethodRunner.java:63)
at org.testng.internal.invokers.TestInvoker$MethodInvocationAgent.invoke(TestInvoker.java:992)
at org.testng.internal.invokers.TestInvoker.invokeTestMethods(TestInvoker.java:203)
at org.testng.internal.invokers.TestMethodWorker.invokeTestMethods(TestMethodWorker.java:154)
at org.testng.internal.invokers.TestMethodWorker.run(TestMethodWorker.java:134)
at java.base/java.util.ArrayList.forEach(ArrayList.java:1596)
at org.testng.TestRunner.privateRun(TestRunner.java:739)
at org.testng.TestRunner.run(TestRunner.java:614)
at org.testng.SuiteRunner.runTest(SuiteRunner.java:421)
at org.testng.SuiteRunner.runSequentially(SuiteRunner.java:413)
at org.testng.SuiteRunner.privateRun(SuiteRunner.java:373)
at org.testng.SuiteRunner.run(SuiteRunner.java:312)
at org.testng.SuiteRunnerWorker.runSuite(SuiteRunnerWorker.java:52)
at org.testng.SuiteRunnerWorker.run(SuiteRunnerWorker.java:95)
at org.testng.TestNG.runSuitesSequentially(TestNG.java:1274)
at org.testng.TestNG.runSuitesLocally(TestNG.java:1208)
at org.testng.TestNG.runSuites(TestNG.java:1112)
at org.testng.TestNG.run(TestNG.java:1079)
at org.testng.remote.AbstractRemoteTestNG.run(AbstractRemoteTestNG.java:115)
at org.testng.remote.RemoteTestNG.initAndRun(RemoteTestNG.java:293)
at org.testng.remote.RemoteTestNG.main(RemoteTestNG.java:91)
]]>
            </full-stacktrace>
          </exception> <!-- org.openqa.selenium.ElementNotInteractableException -->
          <reporter-output>
          </reporter-output>
        </test-method> <!-- ourProjectImg2win -->
      </class> <!-- Raj_Tensile1.Raj_Tensile -->
    </test> <!-- Default test -->
  </suite> <!-- Default suite -->
</testng-results>
